1609687973083	geckodriver	INFO	Listening on 127.0.0.1:52743
1609687976134	mozrunner::runner	INFO	Running command: "C:\\Program Files\\Mozilla Firefox\\firefox.exe" "--marionette" "-foreground" "-no-remote" "-profile" "C:\\Users\\netol\\AppData\\Local\\Temp\\rust_mozprofileXKwGgp"
Can't find symbol 'eglSwapBuffersWithDamageEXT'.
Can't find symbol 'eglSetDamageRegionKHR'.
console.warn: SearchSettings: "get: No settings file exists, new profile?" (new Error("", "(unknown module)"))
1609687978474	Marionette	INFO	Listening on port 52752
1609687978774	Marionette	WARN	TLS certificate errors will be ignored for this session
1609687997014	Marionette	INFO	Stopped listening on port 52752

###!!! [Child][RunMessage] Error: Channel closing: too late to send/recv, messages will be lost

1609688123190	geckodriver	INFO	Listening on 127.0.0.1:52873
1609688126257	mozrunner::runner	INFO	Running command: "C:\\Program Files\\Mozilla Firefox\\firefox.exe" "--marionette" "-foreground" "-no-remote" "-profile" "C:\\Users\\netol\\AppData\\Local\\Temp\\rust_mozprofileuXR396"
Can't find symbol 'eglSwapBuffersWithDamageEXT'.
Can't find symbol 'eglSetDamageRegionKHR'.
console.warn: SearchSettings: "get: No settings file exists, new profile?" (new Error("", "(unknown module)"))
1609688128054	Marionette	INFO	Listening on port 52882
1609688128284	Marionette	WARN	TLS certificate errors will be ignored for this session
JavaScript error: https://storage.googleapis.com/workbox-cdn/releases/3.5.0/workbox-sw.js, line 1: SyntaxError: redeclaration of const workbox
1609688141048	Marionette	INFO	Stopped listening on port 52882
1609964068949	geckodriver	INFO	Listening on 127.0.0.1:58337
1609964072027	mozrunner::runner	INFO	Running command: "C:\\Program Files\\Mozilla Firefox\\firefox.exe" "--marionette" "-foreground" "-no-remote" "-profile" "C:\\Users\\netol\\AppData\\Local\\Temp\\rust_mozprofileXo9dzt"
